<?xml version="1.0" encoding="UTF-8"?>
<testsuite name="com.dypark.book.springboot.web.PostApiControllerTest" tests="2" skipped="0" failures="0" errors="0" timestamp="2021-09-02T09:08:54" hostname="DESKTOP-CJFM7H2" time="0.117">
  <properties/>
  <testcase name="Posts_등록된다()" classname="com.dypark.book.springboot.web.PostApiControllerTest" time="0.077"/>
  <testcase name="Posts_수정된다()" classname="com.dypark.book.springboot.web.PostApiControllerTest" time="0.039"/>
  <system-out><![CDATA[2021-09-02 18:08:54.189  INFO 10204 --- [    Test worker] .b.t.c.SpringBootTestContextBootstrapper : Neither @ContextConfiguration nor @ContextHierarchy found for test class [com.dypark.book.springboot.web.PostApiControllerTest], using SpringBootContextLoader
2021-09-02 18:08:54.189  INFO 10204 --- [    Test worker] o.s.t.c.support.AbstractContextLoader    : Could not detect default resource locations for test class [com.dypark.book.springboot.web.PostApiControllerTest]: no resource found for suffixes {-context.xml, Context.groovy}.
2021-09-02 18:08:54.189  INFO 10204 --- [    Test worker] t.c.s.AnnotationConfigContextLoaderUtils : Could not detect default configuration classes for test class [com.dypark.book.springboot.web.PostApiControllerTest]: PostApiControllerTest does not declare any static, non-private, non-final, nested classes annotated with @Configuration.
2021-09-02 18:08:54.204  INFO 10204 --- [    Test worker] .b.t.c.SpringBootTestContextBootstrapper : Found @SpringBootConfiguration com.dypark.book.springboot.Application for test class com.dypark.book.springboot.web.PostApiControllerTest
2021-09-02 18:08:54.204  INFO 10204 --- [    Test worker] .b.t.c.SpringBootTestContextBootstrapper : Loaded default TestExecutionListener class names from location [META-INF/spring.factories]: [org.springframework.security.test.context.support.WithSecurityContextTestExecutionListener, org.springframework.security.test.context.support.ReactorContextTestExecutionListener, org.springframework.boot.test.autoconfigure.restdocs.RestDocsTestExecutionListener, org.springframework.boot.test.autoconfigure.web.client.MockRestServiceServerResetTestExecutionListener, org.springframework.boot.test.autoconfigure.web.servlet.MockMvcPrintOnlyOnFailureTestExecutionListener, org.springframework.boot.test.autoconfigure.web.servlet.WebDriverTestExecutionListener, org.springframework.boot.test.autoconfigure.webservices.client.MockWebServiceServerTestExecutionListener, org.springframework.boot.test.mock.mockito.MockitoTestExecutionListener, org.springframework.boot.test.mock.mockito.ResetMocksTestExecutionListener, org.springframework.test.context.web.ServletTestExecutionListener, org.springframework.test.context.support.DirtiesContextBeforeModesTestExecutionListener, org.springframework.test.context.support.DependencyInjectionTestExecutionListener, org.springframework.test.context.support.DirtiesContextTestExecutionListener, org.springframework.test.context.transaction.TransactionalTestExecutionListener, org.springframework.test.context.jdbc.SqlScriptsTestExecutionListener, org.springframework.test.context.event.EventPublishingTestExecutionListener]
2021-09-02 18:08:54.204  INFO 10204 --- [    Test worker] .b.t.c.SpringBootTestContextBootstrapper : Using TestExecutionListeners: [org.springframework.test.context.web.ServletTestExecutionListener@6c8119d2, org.springframework.test.context.support.DirtiesContextBeforeModesTestExecutionListener@68443101, org.springframework.boot.test.mock.mockito.MockitoTestExecutionListener@483855c0, org.springframework.boot.test.autoconfigure.SpringBootDependencyInjectionTestExecutionListener@62e5ffca, org.springframework.test.context.support.DirtiesContextTestExecutionListener@64e35cd, org.springframework.test.context.transaction.TransactionalTestExecutionListener@4fcbd03c, org.springframework.test.context.jdbc.SqlScriptsTestExecutionListener@45d70a50, org.springframework.security.test.context.support.WithSecurityContextTestExecutionListener@881b68f, org.springframework.test.context.event.EventPublishingTestExecutionListener@7f960a0f, org.springframework.security.test.context.support.ReactorContextTestExecutionListener@6e4d6ff1, org.springframework.boot.test.autoconfigure.restdocs.RestDocsTestExecutionListener@13356de2, org.springframework.boot.test.autoconfigure.web.client.MockRestServiceServerResetTestExecutionListener@160584c5, org.springframework.boot.test.autoconfigure.web.servlet.MockMvcPrintOnlyOnFailureTestExecutionListener@598c2278, org.springframework.boot.test.autoconfigure.web.servlet.WebDriverTestExecutionListener@5cbbec5f, org.springframework.boot.test.autoconfigure.webservices.client.MockWebServiceServerTestExecutionListener@64d9d057, org.springframework.boot.test.mock.mockito.ResetMocksTestExecutionListener@5e4043a5]
2021-09-02 18:08:54.204  INFO 10204 --- [    Test worker] o.a.c.c.C.[Tomcat].[localhost].[/]       : Initializing Spring TestDispatcherServlet ''
2021-09-02 18:08:54.204  INFO 10204 --- [    Test worker] o.s.t.web.servlet.TestDispatcherServlet  : Initializing Servlet ''
2021-09-02 18:08:54.220  INFO 10204 --- [    Test worker] o.s.t.web.servlet.TestDispatcherServlet  : Completed initialization in 16 ms
Hibernate: insert into posts (created_date, modified_date, author, content, title) values (?, ?, ?, ?, ?)
Hibernate: select posts0_.id as id1_0_, posts0_.created_date as created_2_0_, posts0_.modified_date as modified3_0_, posts0_.author as author4_0_, posts0_.content as content5_0_, posts0_.title as title6_0_ from posts posts0_
Hibernate: select posts0_.id as id1_0_, posts0_.created_date as created_2_0_, posts0_.modified_date as modified3_0_, posts0_.author as author4_0_, posts0_.content as content5_0_, posts0_.title as title6_0_ from posts posts0_
Hibernate: delete from posts where id=?
2021-09-02 18:08:54.282  INFO 10204 --- [    Test worker] o.a.c.c.C.[Tomcat].[localhost].[/]       : Initializing Spring TestDispatcherServlet ''
2021-09-02 18:08:54.282  INFO 10204 --- [    Test worker] o.s.t.web.servlet.TestDispatcherServlet  : Initializing Servlet ''
2021-09-02 18:08:54.282  INFO 10204 --- [    Test worker] o.s.t.web.servlet.TestDispatcherServlet  : Completed initialization in 0 ms
Hibernate: insert into posts (created_date, modified_date, author, content, title) values (?, ?, ?, ?, ?)
Hibernate: select posts0_.id as id1_0_0_, posts0_.created_date as created_2_0_0_, posts0_.modified_date as modified3_0_0_, posts0_.author as author4_0_0_, posts0_.content as content5_0_0_, posts0_.title as title6_0_0_ from posts posts0_ where posts0_.id=?
Hibernate: update posts set created_date=?, modified_date=?, author=?, content=?, title=? where id=?
Hibernate: select posts0_.id as id1_0_, posts0_.created_date as created_2_0_, posts0_.modified_date as modified3_0_, posts0_.author as author4_0_, posts0_.content as content5_0_, posts0_.title as title6_0_ from posts posts0_
Hibernate: select posts0_.id as id1_0_, posts0_.created_date as created_2_0_, posts0_.modified_date as modified3_0_, posts0_.author as author4_0_, posts0_.content as content5_0_, posts0_.title as title6_0_ from posts posts0_
Hibernate: delete from posts where id=?
]]></system-out>
  <system-err><![CDATA[]]></system-err>
</testsuite>
