<?xml version="1.0" encoding="UTF-8"?>
<testsuite name="com.dypark.book.springboot.web.IndexControllerTest" tests="1" skipped="0" failures="0" errors="0" timestamp="2021-08-20T15:46:50" hostname="DESKTOP-CJFM7H2" time="0.232">
  <properties/>
  <testcase name="메인페이지_로딩()" classname="com.dypark.book.springboot.web.IndexControllerTest" time="0.232"/>
  <system-out><![CDATA[2021-08-21 00:46:48.818  INFO 276 --- [    Test worker] .b.t.c.SpringBootTestContextBootstrapper : Neither @ContextConfiguration nor @ContextHierarchy found for test class [com.dypark.book.springboot.web.IndexControllerTest], using SpringBootContextLoader
2021-08-21 00:46:48.819  INFO 276 --- [    Test worker] o.s.t.c.support.AbstractContextLoader    : Could not detect default resource locations for test class [com.dypark.book.springboot.web.IndexControllerTest]: no resource found for suffixes {-context.xml, Context.groovy}.
2021-08-21 00:46:48.819  INFO 276 --- [    Test worker] t.c.s.AnnotationConfigContextLoaderUtils : Could not detect default configuration classes for test class [com.dypark.book.springboot.web.IndexControllerTest]: IndexControllerTest does not declare any static, non-private, non-final, nested classes annotated with @Configuration.
2021-08-21 00:46:48.821  INFO 276 --- [    Test worker] .b.t.c.SpringBootTestContextBootstrapper : Found @SpringBootConfiguration com.dypark.book.springboot.Application for test class com.dypark.book.springboot.web.IndexControllerTest
2021-08-21 00:46:48.823  INFO 276 --- [    Test worker] .b.t.c.SpringBootTestContextBootstrapper : Loaded default TestExecutionListener class names from location [META-INF/spring.factories]: [org.springframework.security.test.context.support.WithSecurityContextTestExecutionListener, org.springframework.security.test.context.support.ReactorContextTestExecutionListener, org.springframework.boot.test.autoconfigure.restdocs.RestDocsTestExecutionListener, org.springframework.boot.test.autoconfigure.web.client.MockRestServiceServerResetTestExecutionListener, org.springframework.boot.test.autoconfigure.web.servlet.MockMvcPrintOnlyOnFailureTestExecutionListener, org.springframework.boot.test.autoconfigure.web.servlet.WebDriverTestExecutionListener, org.springframework.boot.test.autoconfigure.webservices.client.MockWebServiceServerTestExecutionListener, org.springframework.boot.test.mock.mockito.MockitoTestExecutionListener, org.springframework.boot.test.mock.mockito.ResetMocksTestExecutionListener, org.springframework.test.context.web.ServletTestExecutionListener, org.springframework.test.context.support.DirtiesContextBeforeModesTestExecutionListener, org.springframework.test.context.support.DependencyInjectionTestExecutionListener, org.springframework.test.context.support.DirtiesContextTestExecutionListener, org.springframework.test.context.transaction.TransactionalTestExecutionListener, org.springframework.test.context.jdbc.SqlScriptsTestExecutionListener, org.springframework.test.context.event.EventPublishingTestExecutionListener]
2021-08-21 00:46:48.824  INFO 276 --- [    Test worker] .b.t.c.SpringBootTestContextBootstrapper : Using TestExecutionListeners: [org.springframework.test.context.web.ServletTestExecutionListener@33c43789, org.springframework.test.context.support.DirtiesContextBeforeModesTestExecutionListener@7df48ee6, org.springframework.boot.test.mock.mockito.MockitoTestExecutionListener@4961d9e1, org.springframework.boot.test.autoconfigure.SpringBootDependencyInjectionTestExecutionListener@6e0488a4, org.springframework.test.context.support.DirtiesContextTestExecutionListener@7c6e8292, org.springframework.test.context.transaction.TransactionalTestExecutionListener@25b4b047, org.springframework.test.context.jdbc.SqlScriptsTestExecutionListener@625dcbc1, org.springframework.security.test.context.support.WithSecurityContextTestExecutionListener@28562e86, org.springframework.test.context.event.EventPublishingTestExecutionListener@2024430c, org.springframework.security.test.context.support.ReactorContextTestExecutionListener@2092f9c7, org.springframework.boot.test.autoconfigure.restdocs.RestDocsTestExecutionListener@2c1d2dd7, org.springframework.boot.test.autoconfigure.web.client.MockRestServiceServerResetTestExecutionListener@35a614cc, org.springframework.boot.test.autoconfigure.web.servlet.MockMvcPrintOnlyOnFailureTestExecutionListener@37981d57, org.springframework.boot.test.autoconfigure.web.servlet.WebDriverTestExecutionListener@f396a2, org.springframework.boot.test.autoconfigure.webservices.client.MockWebServiceServerTestExecutionListener@454560fe, org.springframework.boot.test.mock.mockito.ResetMocksTestExecutionListener@40c01cee]

  .   ____          _            __ _ _
 /\\ / ___'_ __ _ _(_)_ __  __ _ \ \ \ \
( ( )\___ | '_ | '_| | '_ \/ _` | \ \ \ \
 \\/  ___)| |_)| | | | | || (_| |  ) ) ) )
  '  |____| .__|_| |_|_| |_\__, | / / / /
 =========|_|==============|___/=/_/_/_/
 :: Spring Boot ::                (v2.4.1)

2021-08-21 00:46:48.865  INFO 276 --- [    Test worker] c.d.b.s.web.IndexControllerTest          : Starting IndexControllerTest using Java 1.8.0_301 on DESKTOP-CJFM7H2 with PID 276 (started by dy in C:\Users\dy\spring_study\book_spring2)
2021-08-21 00:46:48.865  INFO 276 --- [    Test worker] c.d.b.s.web.IndexControllerTest          : No active profile set, falling back to default profiles: default
2021-08-21 00:46:49.143  INFO 276 --- [    Test worker] .s.d.r.c.RepositoryConfigurationDelegate : Bootstrapping Spring Data JPA repositories in DEFAULT mode.
2021-08-21 00:46:49.167  INFO 276 --- [    Test worker] .s.d.r.c.RepositoryConfigurationDelegate : Finished Spring Data repository scanning in 23 ms. Found 2 JPA repository interfaces.
2021-08-21 00:46:49.584  INFO 276 --- [    Test worker] o.s.b.w.embedded.tomcat.TomcatWebServer  : Tomcat initialized with port(s): 0 (http)
2021-08-21 00:46:49.602  INFO 276 --- [    Test worker] o.apache.catalina.core.StandardService   : Starting service [Tomcat]
2021-08-21 00:46:49.603  INFO 276 --- [    Test worker] org.apache.catalina.core.StandardEngine  : Starting Servlet engine: [Apache Tomcat/9.0.41]
2021-08-21 00:46:49.769  INFO 276 --- [    Test worker] o.a.c.c.C.[Tomcat].[localhost].[/]       : Initializing Spring embedded WebApplicationContext
2021-08-21 00:46:49.769  INFO 276 --- [    Test worker] w.s.c.ServletWebServerApplicationContext : Root WebApplicationContext: initialization completed in 900 ms
2021-08-21 00:46:49.817  INFO 276 --- [    Test worker] com.zaxxer.hikari.HikariDataSource       : HikariPool-2 - Starting...
2021-08-21 00:46:49.818  INFO 276 --- [    Test worker] com.zaxxer.hikari.HikariDataSource       : HikariPool-2 - Start completed.
2021-08-21 00:46:49.819  INFO 276 --- [    Test worker] o.s.b.a.h2.H2ConsoleAutoConfiguration    : H2 console available at '/h2-console'. Database available at 'jdbc:h2:mem:testdb'
2021-08-21 00:46:49.967  INFO 276 --- [    Test worker] o.hibernate.jpa.internal.util.LogHelper  : HHH000204: Processing PersistenceUnitInfo [name: default]
2021-08-21 00:46:49.974  INFO 276 --- [    Test worker] org.hibernate.dialect.Dialect            : HHH000400: Using dialect: org.hibernate.dialect.MySQL57Dialect
Hibernate: drop table if exists posts
Hibernate: drop table if exists user
Hibernate: create table posts (id bigint not null auto_increment, created_date datetime(6), modified_date datetime(6), author varchar(255), content TEXT not null, title varchar(500) not null, primary key (id)) engine=InnoDB
Hibernate: create table user (id bigint not null auto_increment, created_date datetime(6), modified_date datetime(6), email varchar(255), name varchar(255), picture varchar(255), role varchar(255) not null, primary key (id)) engine=InnoDB
2021-08-21 00:46:50.042  INFO 276 --- [    Test worker] o.h.e.t.j.p.i.JtaPlatformInitiator       : HHH000490: Using JtaPlatform implementation: [org.hibernate.engine.transaction.jta.platform.internal.NoJtaPlatform]
2021-08-21 00:46:50.043  INFO 276 --- [    Test worker] j.LocalContainerEntityManagerFactoryBean : Initialized JPA EntityManagerFactory for persistence unit 'default'
2021-08-21 00:46:50.320  WARN 276 --- [    Test worker] JpaBaseConfiguration$JpaWebConfiguration : spring.jpa.open-in-view is enabled by default. Therefore, database queries may be performed during view rendering. Explicitly configure spring.jpa.open-in-view to disable this warning
2021-08-21 00:46:50.563  INFO 276 --- [    Test worker] o.s.s.web.DefaultSecurityFilterChain     : Will secure any request with [org.springframework.security.web.context.request.async.WebAsyncManagerIntegrationFilter@368974e1, org.springframework.security.web.context.SecurityContextPersistenceFilter@54f81243, org.springframework.security.web.header.HeaderWriterFilter@583644a3, org.springframework.security.web.authentication.logout.LogoutFilter@6e5998c3, org.springframework.security.oauth2.client.web.OAuth2AuthorizationRequestRedirectFilter@5d886956, org.springframework.security.oauth2.client.web.OAuth2LoginAuthenticationFilter@2258e2f4, org.springframework.security.web.authentication.ui.DefaultLoginPageGeneratingFilter@6df6dc3b, org.springframework.security.web.authentication.ui.DefaultLogoutPageGeneratingFilter@424ec345, org.springframework.security.web.savedrequest.RequestCacheAwareFilter@33c4905e, org.springframework.security.web.servletapi.SecurityContextHolderAwareRequestFilter@59bdc9d9, org.springframework.security.web.authentication.AnonymousAuthenticationFilter@5c92d083, org.springframework.security.web.session.SessionManagementFilter@26f251a4, org.springframework.security.web.access.ExceptionTranslationFilter@6901cb41, org.springframework.security.web.access.intercept.FilterSecurityInterceptor@5164aae7]
2021-08-21 00:46:50.697  INFO 276 --- [    Test worker] o.s.s.concurrent.ThreadPoolTaskExecutor  : Initializing ExecutorService 'applicationTaskExecutor'
2021-08-21 00:46:50.732  INFO 276 --- [    Test worker] o.s.b.a.w.s.WelcomePageHandlerMapping    : Adding welcome page template: index
2021-08-21 00:46:50.988  INFO 276 --- [    Test worker] o.s.b.w.embedded.tomcat.TomcatWebServer  : Tomcat started on port(s): 3251 (http) with context path ''
2021-08-21 00:46:50.991  INFO 276 --- [    Test worker] s.a.ScheduledAnnotationBeanPostProcessor : No TaskScheduler/ScheduledExecutorService bean found for scheduled processing
2021-08-21 00:46:50.992  INFO 276 --- [    Test worker] c.d.b.s.web.IndexControllerTest          : Started IndexControllerTest in 2.164 seconds (JVM running for 11.159)
2021-08-21 00:46:51.130  INFO 276 --- [o-auto-1-exec-1] o.a.c.c.C.[Tomcat].[localhost].[/]       : Initializing Spring DispatcherServlet 'dispatcherServlet'
2021-08-21 00:46:51.130  INFO 276 --- [o-auto-1-exec-1] o.s.web.servlet.DispatcherServlet        : Initializing Servlet 'dispatcherServlet'
2021-08-21 00:46:51.131  INFO 276 --- [o-auto-1-exec-1] o.s.web.servlet.DispatcherServlet        : Completed initialization in 1 ms
Hibernate: select posts0_.id as id1_0_, posts0_.created_date as created_2_0_, posts0_.modified_date as modified3_0_, posts0_.author as author4_0_, posts0_.content as content5_0_, posts0_.title as title6_0_ from posts posts0_ order by posts0_.id DESC
]]></system-out>
  <system-err><![CDATA[]]></system-err>
</testsuite>
