<?xml version="1.0" encoding="UTF-8"?>
<testsuite name="com.dypark.book.springboot.web.HelloControllerTest" tests="2" skipped="0" failures="0" errors="0" timestamp="2021-09-02T09:08:52" hostname="DESKTOP-CJFM7H2" time="0.166">
  <properties/>
  <testcase name="hello가_리턴된다()" classname="com.dypark.book.springboot.web.HelloControllerTest" time="0.08"/>
  <testcase name="helloDto가_리턴된다()" classname="com.dypark.book.springboot.web.HelloControllerTest" time="0.085"/>
  <system-out><![CDATA[2021-09-02 18:08:51.242  INFO 10204 --- [    Test worker] .b.t.a.w.s.WebMvcTestContextBootstrapper : Neither @ContextConfiguration nor @ContextHierarchy found for test class [com.dypark.book.springboot.web.HelloControllerTest], using SpringBootContextLoader
2021-09-02 18:08:51.242  INFO 10204 --- [    Test worker] o.s.t.c.support.AbstractContextLoader    : Could not detect default resource locations for test class [com.dypark.book.springboot.web.HelloControllerTest]: no resource found for suffixes {-context.xml, Context.groovy}.
2021-09-02 18:08:51.242  INFO 10204 --- [    Test worker] t.c.s.AnnotationConfigContextLoaderUtils : Could not detect default configuration classes for test class [com.dypark.book.springboot.web.HelloControllerTest]: HelloControllerTest does not declare any static, non-private, non-final, nested classes annotated with @Configuration.
2021-09-02 18:08:51.273  INFO 10204 --- [    Test worker] .b.t.c.SpringBootTestContextBootstrapper : Found @SpringBootConfiguration com.dypark.book.springboot.Application for test class com.dypark.book.springboot.web.HelloControllerTest
2021-09-02 18:08:51.273  INFO 10204 --- [    Test worker] .b.t.a.w.s.WebMvcTestContextBootstrapper : Loaded default TestExecutionListener class names from location [META-INF/spring.factories]: [org.springframework.security.test.context.support.WithSecurityContextTestExecutionListener, org.springframework.security.test.context.support.ReactorContextTestExecutionListener, org.springframework.boot.test.autoconfigure.restdocs.RestDocsTestExecutionListener, org.springframework.boot.test.autoconfigure.web.client.MockRestServiceServerResetTestExecutionListener, org.springframework.boot.test.autoconfigure.web.servlet.MockMvcPrintOnlyOnFailureTestExecutionListener, org.springframework.boot.test.autoconfigure.web.servlet.WebDriverTestExecutionListener, org.springframework.boot.test.autoconfigure.webservices.client.MockWebServiceServerTestExecutionListener, org.springframework.boot.test.mock.mockito.MockitoTestExecutionListener, org.springframework.boot.test.mock.mockito.ResetMocksTestExecutionListener, org.springframework.test.context.web.ServletTestExecutionListener, org.springframework.test.context.support.DirtiesContextBeforeModesTestExecutionListener, org.springframework.test.context.support.DependencyInjectionTestExecutionListener, org.springframework.test.context.support.DirtiesContextTestExecutionListener, org.springframework.test.context.transaction.TransactionalTestExecutionListener, org.springframework.test.context.jdbc.SqlScriptsTestExecutionListener, org.springframework.test.context.event.EventPublishingTestExecutionListener]
2021-09-02 18:08:51.273  INFO 10204 --- [    Test worker] .b.t.a.w.s.WebMvcTestContextBootstrapper : Using TestExecutionListeners: [org.springframework.test.context.web.ServletTestExecutionListener@2a479b0, org.springframework.test.context.support.DirtiesContextBeforeModesTestExecutionListener@20c68e3b, org.springframework.boot.test.mock.mockito.MockitoTestExecutionListener@d1f1920, org.springframework.boot.test.autoconfigure.SpringBootDependencyInjectionTestExecutionListener@4e886010, org.springframework.test.context.support.DirtiesContextTestExecutionListener@6f40f988, org.springframework.test.context.transaction.TransactionalTestExecutionListener@7b63050d, org.springframework.test.context.jdbc.SqlScriptsTestExecutionListener@ec0c558, org.springframework.security.test.context.support.WithSecurityContextTestExecutionListener@345ac70, org.springframework.test.context.event.EventPublishingTestExecutionListener@6b219929, org.springframework.security.test.context.support.ReactorContextTestExecutionListener@809a22d, org.springframework.boot.test.autoconfigure.restdocs.RestDocsTestExecutionListener@eb5c71, org.springframework.boot.test.autoconfigure.web.client.MockRestServiceServerResetTestExecutionListener@2ee34630, org.springframework.boot.test.autoconfigure.web.servlet.MockMvcPrintOnlyOnFailureTestExecutionListener@49ec6a14, org.springframework.boot.test.autoconfigure.web.servlet.WebDriverTestExecutionListener@c31b1ce, org.springframework.boot.test.autoconfigure.webservices.client.MockWebServiceServerTestExecutionListener@56e37ced, org.springframework.boot.test.mock.mockito.ResetMocksTestExecutionListener@628562c7]

  .   ____          _            __ _ _
 /\\ / ___'_ __ _ _(_)_ __  __ _ \ \ \ \
( ( )\___ | '_ | '_| | '_ \/ _` | \ \ \ \
 \\/  ___)| |_)| | | | | || (_| |  ) ) ) )
  '  |____| .__|_| |_|_| |_\__, | / / / /
 =========|_|==============|___/=/_/_/_/
 :: Spring Boot ::                (v2.4.1)

2021-09-02 18:08:51.304  INFO 10204 --- [    Test worker] c.d.b.s.web.HelloControllerTest          : Starting HelloControllerTest using Java 11.0.12 on DESKTOP-CJFM7H2 with PID 10204 (started by dy in C:\Users\dy\spring_study\book_spring2)
2021-09-02 18:08:51.304  INFO 10204 --- [    Test worker] c.d.b.s.web.HelloControllerTest          : No active profile set, falling back to default profiles: default
2021-09-02 18:08:51.652  INFO 10204 --- [    Test worker] o.s.s.concurrent.ThreadPoolTaskExecutor  : Initializing ExecutorService 'applicationTaskExecutor'
2021-09-02 18:08:51.683  INFO 10204 --- [    Test worker] o.s.b.a.w.s.WelcomePageHandlerMapping    : Adding welcome page template: index
2021-09-02 18:08:51.949  INFO 10204 --- [    Test worker] o.s.s.web.DefaultSecurityFilterChain     : Will secure any request with [org.springframework.security.web.context.request.async.WebAsyncManagerIntegrationFilter@7c28aaa9, org.springframework.security.web.context.SecurityContextPersistenceFilter@65696d31, org.springframework.security.web.header.HeaderWriterFilter@718ebd64, org.springframework.security.web.csrf.CsrfFilter@4be8a8c6, org.springframework.security.web.authentication.logout.LogoutFilter@20bbac2b, org.springframework.security.oauth2.client.web.OAuth2AuthorizationRequestRedirectFilter@12520815, org.springframework.security.oauth2.client.web.OAuth2AuthorizationRequestRedirectFilter@56c880cb, org.springframework.security.oauth2.client.web.OAuth2LoginAuthenticationFilter@5ba8c647, org.springframework.security.web.authentication.ui.DefaultLoginPageGeneratingFilter@1ec282fe, org.springframework.security.web.authentication.ui.DefaultLogoutPageGeneratingFilter@26ab143b, org.springframework.security.web.savedrequest.RequestCacheAwareFilter@6eea15af, org.springframework.security.web.servletapi.SecurityContextHolderAwareRequestFilter@6a0be08b, org.springframework.security.web.authentication.AnonymousAuthenticationFilter@5a824c7a, org.springframework.security.oauth2.client.web.OAuth2AuthorizationCodeGrantFilter@2185e1e5, org.springframework.security.web.session.SessionManagementFilter@78038f28, org.springframework.security.web.access.ExceptionTranslationFilter@7fae84cf, org.springframework.security.web.access.intercept.FilterSecurityInterceptor@78f04180]
2021-09-02 18:08:52.059  INFO 10204 --- [    Test worker] o.s.b.t.m.w.SpringBootMockServletContext : Initializing Spring TestDispatcherServlet ''
2021-09-02 18:08:52.059  INFO 10204 --- [    Test worker] o.s.t.web.servlet.TestDispatcherServlet  : Initializing Servlet ''
2021-09-02 18:08:52.059  INFO 10204 --- [    Test worker] o.s.t.web.servlet.TestDispatcherServlet  : Completed initialization in 0 ms
2021-09-02 18:08:52.074  INFO 10204 --- [    Test worker] c.d.b.s.web.HelloControllerTest          : Started HelloControllerTest in 0.789 seconds (JVM running for 8.601)
]]></system-out>
  <system-err><![CDATA[]]></system-err>
</testsuite>
