<?xml version="1.0" encoding="UTF-8"?>
<testsuite name="com.dypark.book.springboot.domain.posts.PostsRepositoryTest" tests="2" skipped="0" failures="0" errors="0" timestamp="2021-09-02T09:08:50" hostname="DESKTOP-CJFM7H2" time="0.394">
  <properties/>
  <testcase name="게시글저장_불러오기()" classname="com.dypark.book.springboot.domain.posts.PostsRepositoryTest" time="0.373"/>
  <testcase name="BaseTimeEntity_등록()" classname="com.dypark.book.springboot.domain.posts.PostsRepositoryTest" time="0.02"/>
  <system-out><![CDATA[18:08:44.551 [Test worker] DEBUG org.springframework.test.context.BootstrapUtils - Instantiating CacheAwareContextLoaderDelegate from class [org.springframework.test.context.cache.DefaultCacheAwareContextLoaderDelegate]
18:08:44.567 [Test worker] DEBUG org.springframework.test.context.BootstrapUtils - Instantiating BootstrapContext using constructor [public org.springframework.test.context.support.DefaultBootstrapContext(java.lang.Class,org.springframework.test.context.CacheAwareContextLoaderDelegate)]
18:08:44.615 [Test worker] DEBUG org.springframework.test.context.BootstrapUtils - Instantiating TestContextBootstrapper for test class [com.dypark.book.springboot.domain.posts.PostsRepositoryTest] from class [org.springframework.boot.test.context.SpringBootTestContextBootstrapper]
18:08:44.639 [Test worker] INFO org.springframework.boot.test.context.SpringBootTestContextBootstrapper - Neither @ContextConfiguration nor @ContextHierarchy found for test class [com.dypark.book.springboot.domain.posts.PostsRepositoryTest], using SpringBootContextLoader
18:08:44.639 [Test worker] DEBUG org.springframework.test.context.support.AbstractContextLoader - Did not detect default resource location for test class [com.dypark.book.springboot.domain.posts.PostsRepositoryTest]: class path resource [com/dypark/book/springboot/domain/posts/PostsRepositoryTest-context.xml] does not exist
18:08:44.639 [Test worker] DEBUG org.springframework.test.context.support.AbstractContextLoader - Did not detect default resource location for test class [com.dypark.book.springboot.domain.posts.PostsRepositoryTest]: class path resource [com/dypark/book/springboot/domain/posts/PostsRepositoryTestContext.groovy] does not exist
18:08:44.639 [Test worker] INFO org.springframework.test.context.support.AbstractContextLoader - Could not detect default resource locations for test class [com.dypark.book.springboot.domain.posts.PostsRepositoryTest]: no resource found for suffixes {-context.xml, Context.groovy}.
18:08:44.647 [Test worker] INFO org.springframework.test.context.support.AnnotationConfigContextLoaderUtils - Could not detect default configuration classes for test class [com.dypark.book.springboot.domain.posts.PostsRepositoryTest]: PostsRepositoryTest does not declare any static, non-private, non-final, nested classes annotated with @Configuration.
18:08:44.703 [Test worker] DEBUG org.springframework.test.context.support.ActiveProfilesUtils - Could not find an 'annotation declaring class' for annotation type [org.springframework.test.context.ActiveProfiles] and class [com.dypark.book.springboot.domain.posts.PostsRepositoryTest]
18:08:44.791 [Test worker] DEBUG org.springframework.context.annotation.ClassPathScanningCandidateComponentProvider - Identified candidate component class: file [C:\Users\dy\spring_study\book_spring2\build\classes\java\main\com\dypark\book\springboot\Application.class]
18:08:44.799 [Test worker] INFO org.springframework.boot.test.context.SpringBootTestContextBootstrapper - Found @SpringBootConfiguration com.dypark.book.springboot.Application for test class com.dypark.book.springboot.domain.posts.PostsRepositoryTest
18:08:44.928 [Test worker] DEBUG org.springframework.boot.test.context.SpringBootTestContextBootstrapper - @TestExecutionListeners is not present for class [com.dypark.book.springboot.domain.posts.PostsRepositoryTest]: using defaults.
18:08:44.928 [Test worker] INFO org.springframework.boot.test.context.SpringBootTestContextBootstrapper - Loaded default TestExecutionListener class names from location [META-INF/spring.factories]: [org.springframework.security.test.context.support.WithSecurityContextTestExecutionListener, org.springframework.security.test.context.support.ReactorContextTestExecutionListener, org.springframework.boot.test.autoconfigure.restdocs.RestDocsTestExecutionListener, org.springframework.boot.test.autoconfigure.web.client.MockRestServiceServerResetTestExecutionListener, org.springframework.boot.test.autoconfigure.web.servlet.MockMvcPrintOnlyOnFailureTestExecutionListener, org.springframework.boot.test.autoconfigure.web.servlet.WebDriverTestExecutionListener, org.springframework.boot.test.autoconfigure.webservices.client.MockWebServiceServerTestExecutionListener, org.springframework.boot.test.mock.mockito.MockitoTestExecutionListener, org.springframework.boot.test.mock.mockito.ResetMocksTestExecutionListener, org.springframework.test.context.web.ServletTestExecutionListener, org.springframework.test.context.support.DirtiesContextBeforeModesTestExecutionListener, org.springframework.test.context.support.DependencyInjectionTestExecutionListener, org.springframework.test.context.support.DirtiesContextTestExecutionListener, org.springframework.test.context.transaction.TransactionalTestExecutionListener, org.springframework.test.context.jdbc.SqlScriptsTestExecutionListener, org.springframework.test.context.event.EventPublishingTestExecutionListener]
18:08:44.960 [Test worker] INFO org.springframework.boot.test.context.SpringBootTestContextBootstrapper - Using TestExecutionListeners: [org.springframework.test.context.web.ServletTestExecutionListener@4570bc0c, org.springframework.test.context.support.DirtiesContextBeforeModesTestExecutionListener@3c0ab22c, org.springframework.boot.test.mock.mockito.MockitoTestExecutionListener@510fb082, org.springframework.boot.test.autoconfigure.SpringBootDependencyInjectionTestExecutionListener@9570c19, org.springframework.test.context.support.DirtiesContextTestExecutionListener@498741e3, org.springframework.test.context.transaction.TransactionalTestExecutionListener@20f5012d, org.springframework.test.context.jdbc.SqlScriptsTestExecutionListener@c523e11, org.springframework.security.test.context.support.WithSecurityContextTestExecutionListener@3dd4dc46, org.springframework.test.context.event.EventPublishingTestExecutionListener@4e2f0a46, org.springframework.security.test.context.support.ReactorContextTestExecutionListener@46db96c7, org.springframework.boot.test.autoconfigure.restdocs.RestDocsTestExecutionListener@5b648abb, org.springframework.boot.test.autoconfigure.web.client.MockRestServiceServerResetTestExecutionListener@40c95b7d, org.springframework.boot.test.autoconfigure.web.servlet.MockMvcPrintOnlyOnFailureTestExecutionListener@76820418, org.springframework.boot.test.autoconfigure.web.servlet.WebDriverTestExecutionListener@6c75d9a1, org.springframework.boot.test.autoconfigure.webservices.client.MockWebServiceServerTestExecutionListener@133bb7c6, org.springframework.boot.test.mock.mockito.ResetMocksTestExecutionListener@19a3146f]
18:08:44.968 [Test worker] DEBUG org.springframework.test.context.support.AbstractDirtiesContextTestExecutionListener - Before test class: context [DefaultTestContext@2be13018 testClass = PostsRepositoryTest, testInstance = [null], testMethod = [null], testException = [null], mergedContextConfiguration = [WebMergedContextConfiguration@7143b445 testClass = PostsRepositoryTest, locations = '{}', classes = '{class com.dypark.book.springboot.Application}', contextInitializerClasses = '[]', activeProfiles = '{}', propertySourceLocations = '{}', propertySourceProperties = '{org.springframework.boot.test.context.SpringBootTestContextBootstrapper=true}', contextCustomizers = set[org.springframework.boot.test.autoconfigure.actuate.metrics.MetricsExportContextCustomizerFactory$DisableMetricExportContextCustomizer@16c7dac3, org.springframework.boot.test.autoconfigure.properties.PropertyMappingContextCustomizer@0, org.springframework.boot.test.autoconfigure.web.servlet.WebDriverContextCustomizerFactory$Customizer@406abc6f, org.springframework.boot.test.context.filter.ExcludeFilterContextCustomizer@15218880, org.springframework.boot.test.json.DuplicateJsonObjectContextCustomizerFactory$DuplicateJsonObjectContextCustomizer@63e8643, org.springframework.boot.test.mock.mockito.MockitoContextCustomizer@0, org.springframework.boot.test.web.client.TestRestTemplateContextCustomizer@1c67c468, org.springframework.boot.test.context.SpringBootTestArgs@1, org.springframework.boot.test.context.SpringBootTestWebEnvironment@61a64a82], resourceBasePath = 'src/main/webapp', contextLoader = 'org.springframework.boot.test.context.SpringBootContextLoader', parent = [null]], attributes = map['org.springframework.test.context.web.ServletTestExecutionListener.activateListener' -> true]], class annotated with @DirtiesContext [false] with mode [null].
18:08:45.008 [Test worker] DEBUG org.springframework.test.context.support.TestPropertySourceUtils - Adding inlined properties to environment: {spring.jmx.enabled=false, org.springframework.boot.test.context.SpringBootTestContextBootstrapper=true}

  .   ____          _            __ _ _
 /\\ / ___'_ __ _ _(_)_ __  __ _ \ \ \ \
( ( )\___ | '_ | '_| | '_ \/ _` | \ \ \ \
 \\/  ___)| |_)| | | | | || (_| |  ) ) ) )
  '  |____| .__|_| |_|_| |_\__, | / / / /
 =========|_|==============|___/=/_/_/_/
 :: Spring Boot ::                (v2.4.1)

2021-09-02 18:08:45.354  INFO 10204 --- [    Test worker] c.d.b.s.d.posts.PostsRepositoryTest      : Starting PostsRepositoryTest using Java 11.0.12 on DESKTOP-CJFM7H2 with PID 10204 (started by dy in C:\Users\dy\spring_study\book_spring2)
2021-09-02 18:08:45.362  INFO 10204 --- [    Test worker] c.d.b.s.d.posts.PostsRepositoryTest      : No active profile set, falling back to default profiles: default
2021-09-02 18:08:46.300  INFO 10204 --- [    Test worker] .s.d.r.c.RepositoryConfigurationDelegate : Bootstrapping Spring Data JPA repositories in DEFAULT mode.
2021-09-02 18:08:46.363  INFO 10204 --- [    Test worker] .s.d.r.c.RepositoryConfigurationDelegate : Finished Spring Data repository scanning in 66 ms. Found 2 JPA repository interfaces.
2021-09-02 18:08:47.098  INFO 10204 --- [    Test worker] com.zaxxer.hikari.HikariDataSource       : HikariPool-1 - Starting...
2021-09-02 18:08:47.319  INFO 10204 --- [    Test worker] com.zaxxer.hikari.HikariDataSource       : HikariPool-1 - Start completed.
2021-09-02 18:08:47.398  INFO 10204 --- [    Test worker] o.hibernate.jpa.internal.util.LogHelper  : HHH000204: Processing PersistenceUnitInfo [name: default]
2021-09-02 18:08:47.476  INFO 10204 --- [    Test worker] org.hibernate.Version                    : HHH000412: Hibernate ORM core version 5.4.25.Final
2021-09-02 18:08:47.680  INFO 10204 --- [    Test worker] o.hibernate.annotations.common.Version   : HCANN000001: Hibernate Commons Annotations {5.1.2.Final}
2021-09-02 18:08:47.824  INFO 10204 --- [    Test worker] org.hibernate.dialect.Dialect            : HHH000400: Using dialect: org.hibernate.dialect.MySQL57Dialect
Hibernate: drop table if exists posts
Hibernate: drop table if exists user
Hibernate: create table posts (id bigint not null auto_increment, created_date datetime(6), modified_date datetime(6), author varchar(255), content TEXT not null, title varchar(500) not null, primary key (id)) engine=InnoDB
Hibernate: create table user (id bigint not null auto_increment, created_date datetime(6), modified_date datetime(6), email varchar(255) not null, name varchar(255) not null, picture varchar(255), role varchar(255) not null, primary key (id)) engine=InnoDB
2021-09-02 18:08:48.590  INFO 10204 --- [    Test worker] o.h.e.t.j.p.i.JtaPlatformInitiator       : HHH000490: Using JtaPlatform implementation: [org.hibernate.engine.transaction.jta.platform.internal.NoJtaPlatform]
2021-09-02 18:08:48.590  INFO 10204 --- [    Test worker] j.LocalContainerEntityManagerFactoryBean : Initialized JPA EntityManagerFactory for persistence unit 'default'
2021-09-02 18:08:49.150  WARN 10204 --- [    Test worker] JpaBaseConfiguration$JpaWebConfiguration : spring.jpa.open-in-view is enabled by default. Therefore, database queries may be performed during view rendering. Explicitly configure spring.jpa.open-in-view to disable this warning
2021-09-02 18:08:49.759  INFO 10204 --- [    Test worker] o.s.s.web.DefaultSecurityFilterChain     : Will secure any request with [org.springframework.security.web.context.request.async.WebAsyncManagerIntegrationFilter@54ca9e06, org.springframework.security.web.context.SecurityContextPersistenceFilter@7079db68, org.springframework.security.web.header.HeaderWriterFilter@803ffa2, org.springframework.security.web.authentication.logout.LogoutFilter@59d719a8, org.springframework.security.oauth2.client.web.OAuth2AuthorizationRequestRedirectFilter@70c68cb, org.springframework.security.oauth2.client.web.OAuth2LoginAuthenticationFilter@d1f05cd, org.springframework.security.web.authentication.ui.DefaultLoginPageGeneratingFilter@6b6a50fc, org.springframework.security.web.authentication.ui.DefaultLogoutPageGeneratingFilter@70c41587, org.springframework.security.web.savedrequest.RequestCacheAwareFilter@5673e513, org.springframework.security.web.servletapi.SecurityContextHolderAwareRequestFilter@7e395141, org.springframework.security.web.authentication.AnonymousAuthenticationFilter@17bd2d4e, org.springframework.security.web.session.SessionManagementFilter@4a83d4ea, org.springframework.security.web.access.ExceptionTranslationFilter@6a92467c, org.springframework.security.web.access.intercept.FilterSecurityInterceptor@5efb5df1]
2021-09-02 18:08:50.213  INFO 10204 --- [    Test worker] o.s.s.concurrent.ThreadPoolTaskExecutor  : Initializing ExecutorService 'applicationTaskExecutor'
2021-09-02 18:08:50.275  INFO 10204 --- [    Test worker] o.s.b.a.h2.H2ConsoleAutoConfiguration    : H2 console available at '/h2-console'. Database available at 'jdbc:h2:mem:testdb'
2021-09-02 18:08:50.354  INFO 10204 --- [    Test worker] o.s.b.a.w.s.WelcomePageHandlerMapping    : Adding welcome page template: index
2021-09-02 18:08:50.785  INFO 10204 --- [    Test worker] s.a.ScheduledAnnotationBeanPostProcessor : No TaskScheduler/ScheduledExecutorService bean found for scheduled processing
2021-09-02 18:08:50.804  INFO 10204 --- [    Test worker] c.d.b.s.d.posts.PostsRepositoryTest      : Started PostsRepositoryTest in 5.794 seconds (JVM running for 7.343)
Hibernate: insert into posts (created_date, modified_date, author, content, title) values (?, ?, ?, ?, ?)
Hibernate: select posts0_.id as id1_0_, posts0_.created_date as created_2_0_, posts0_.modified_date as modified3_0_, posts0_.author as author4_0_, posts0_.content as content5_0_, posts0_.title as title6_0_ from posts posts0_
Hibernate: select posts0_.id as id1_0_, posts0_.created_date as created_2_0_, posts0_.modified_date as modified3_0_, posts0_.author as author4_0_, posts0_.content as content5_0_, posts0_.title as title6_0_ from posts posts0_
Hibernate: delete from posts where id=?
Hibernate: insert into posts (created_date, modified_date, author, content, title) values (?, ?, ?, ?, ?)
Hibernate: select posts0_.id as id1_0_, posts0_.created_date as created_2_0_, posts0_.modified_date as modified3_0_, posts0_.author as author4_0_, posts0_.content as content5_0_, posts0_.title as title6_0_ from posts posts0_
>>>>>>>> createDate=2021-09-02T18:08:51.210784, modifiedDate2021-09-02T18:08:51.210784
Hibernate: select posts0_.id as id1_0_, posts0_.created_date as created_2_0_, posts0_.modified_date as modified3_0_, posts0_.author as author4_0_, posts0_.content as content5_0_, posts0_.title as title6_0_ from posts posts0_
Hibernate: delete from posts where id=?
]]></system-out>
  <system-err><![CDATA[]]></system-err>
</testsuite>
